<?xml version="1.0" encoding="UTF-8"?>
<!-- Generated by org.testng.reporters.JUnitReportReporter -->
<testsuite hostname="InTNB072" failures="0" tests="1" name="testCases.TC_001_AccountRegistrationTest" time="2.930" errors="0" timestamp="2024-03-24T21:34:08 CET" skipped="0">
  <testcase classname="testCases.TC_001_AccountRegistrationTest" name="testAccountRegistration" time="2.930"/>
</testsuite> <!-- testCases.TC_001_AccountRegistrationTest -->
